0 info it worked if it ends with ok
1 verbose cli [ 'D:\\Program Files\\nodejs\\node.exe',
1 verbose cli   'C:\\Users\\sangle\\AppData\\Roaming\\npm\\node_modules\\npm\\bin\\npm-cli.js',
1 verbose cli   'run',
1 verbose cli   'build' ]
2 info using npm@3.10.9
3 info using node@v6.9.1
4 verbose run-script [ 'prebuild', 'build', 'postbuild' ]
5 info lifecycle personalfrontpage@1.0.0~prebuild: personalfrontpage@1.0.0
6 silly lifecycle personalfrontpage@1.0.0~prebuild: no script for prebuild, continuing
7 info lifecycle personalfrontpage@1.0.0~build: personalfrontpage@1.0.0
8 verbose lifecycle personalfrontpage@1.0.0~build: unsafe-perm in lifecycle true
9 verbose lifecycle personalfrontpage@1.0.0~build: PATH: C:\Users\sangle\AppData\Roaming\npm\node_modules\npm\bin\node-gyp-bin;C:\Users\sangle\OneDrive\web\personalFrontpage\node_modules\.bin;C:\ProgramData\Oracle\Java\javapath;D:\Program Files\Git\bin;D:\Python27;D:\Program Files\nodejs\node_global\;C:\Users\sangle\AppData\Roaming\npm;D:\Android\sdk\tools;D:\迅雷下载\mysql-5.7.17-winx64\bin;D:\Program Files\ImageMagick-7.0.3-Q16;C:\Program Files (x86)\Intel\iCLS Client\;C:\Program Files\Intel\iCLS Client\;C:\WINDOWS\system32;C:\WINDOWS;C:\WINDOWS\System32\Wbem;C:\WINDOWS\System32\WindowsPowerShell\v1.0\;C:\Program Files\Intel\Intel(R) Management Engine Components\DAL;C:\Program Files\Intel\Intel(R) Management Engine Components\IPT;C:\Program Files (x86)\Intel\Intel(R) Management Engine Components\DAL;C:\Program Files (x86)\Intel\Intel(R) Management Engine Components\IPT;D:\Program Files\nodejs\;D:\Program Files\Java\jdk1.8.0_121\bin;D:\Program Files\Calibre2\;C:\Program Files\MySQL\MySQL Server 5.7\bin;D:\Android\sdk\platform-tools;C:\Users\sangle\AppData\Local\Microsoft\WindowsApps
10 verbose lifecycle personalfrontpage@1.0.0~build: CWD: C:\Users\sangle\OneDrive\web\personalFrontpage
11 silly lifecycle personalfrontpage@1.0.0~build: Args: [ '/d /s /c', 'webpack-dev-server --inline' ]
12 verbose stack Error: kill ENOSYS
12 verbose stack     at exports._errnoException (util.js:1026:11)
12 verbose stack     at process.kill (internal/process.js:172:13)
12 verbose stack     at process.listener (C:\Users\sangle\AppData\Roaming\npm\node_modules\npm\node_modules\npmlog\node_modules\gauge\node_modules\signal-exit\index.js:86:15)
12 verbose stack     at emitNone (events.js:91:20)
12 verbose stack     at process.emit (events.js:185:7)
12 verbose stack     at processEmit (C:\Users\sangle\AppData\Roaming\npm\node_modules\npm\node_modules\npmlog\node_modules\gauge\node_modules\signal-exit\index.js:146:32)
12 verbose stack     at processEmit (C:\Users\sangle\AppData\Roaming\npm\node_modules\npm\node_modules\npm-registry-client\node_modules\npmlog\node_modules\gauge\node_modules\signal-exit\index.js:146:32)
12 verbose stack     at Signal.wrap.onsignal (internal/process.js:199:44)
13 verbose cwd C:\Users\sangle\OneDrive\web\personalFrontpage
14 error Windows_NT 10.0.15063
15 error argv "D:\\Program Files\\nodejs\\node.exe" "C:\\Users\\sangle\\AppData\\Roaming\\npm\\node_modules\\npm\\bin\\npm-cli.js" "run" "build"
16 error node v6.9.1
17 error npm  v3.10.9
18 error code ENOSYS
19 error errno ENOSYS
20 error syscall kill
21 error kill ENOSYS
22 error If you need help, you may report this error at:
22 error     <https://github.com/npm/npm/issues>
23 verbose exit [ 1, true ]
